\BOOKMARK [0][-]{section*.1}{List\040of\040Figures}{}% 1
\BOOKMARK [0][-]{section*.2}{List\040of\040Tables}{}% 2
\BOOKMARK [0][-]{chapter*.3}{List\040of\040Acronyms}{}% 3
\BOOKMARK [0][-]{chapter.1}{Introduction}{}% 4
\BOOKMARK [0][-]{chapter.2}{Computation\040Geometry\040Algorithms}{}% 5
\BOOKMARK [1][-]{section.2.1}{Ray-Triangle\040Intersection\040Algorithm}{chapter.2}% 6
\BOOKMARK [2][-]{subsection.2.1.1}{The Möller-Trumbore Algorithm}{section.2.1}% 7
\BOOKMARK [0][-]{chapter.3}{A\040Chapter\040of\040Examples}{}% 8
\BOOKMARK [1][-]{section.3.1}{A\040Table}{chapter.3}% 9
\BOOKMARK [1][-]{section.3.2}{Code}{chapter.3}% 10
\BOOKMARK [1][-]{section.3.3}{A\040Sideways\040Table}{chapter.3}% 11
\BOOKMARK [1][-]{section.3.4}{A\040Figure}{chapter.3}% 12
\BOOKMARK [1][-]{section.3.5}{Bulleted\040List}{chapter.3}% 13
\BOOKMARK [1][-]{section.3.6}{Numbered\040List}{chapter.3}% 14
\BOOKMARK [1][-]{section.3.7}{A\040Description}{chapter.3}% 15
\BOOKMARK [1][-]{section.3.8}{An\040Equation}{chapter.3}% 16
\BOOKMARK [1][-]{section.3.9}{A\040Theorem,\040Proposition\040&\040Proof}{chapter.3}% 17
\BOOKMARK [1][-]{section.3.10}{Definition}{chapter.3}% 18
\BOOKMARK [1][-]{section.3.11}{A\040Remark}{chapter.3}% 19
\BOOKMARK [1][-]{section.3.12}{An\040Example}{chapter.3}% 20
\BOOKMARK [1][-]{section.3.13}{Note}{chapter.3}% 21
\BOOKMARK [0][-]{section*.10}{Bibliography}{}% 22
